<?xml version="1.0" encoding="UTF-8"?>
<!-- Generated by org.testng.reporters.JUnitReportReporter -->
<testsuite skipped="0" hostname="SARANDELL" name="testcases.SFO147_CreateTaskWithoutMandatory" tests="1" failures="0" timestamp="28 Nov 2020 11:40:06 GMT" time="62.086" errors="0">
  <testcase name="createTask" time="62.086" classname="testcases.SFO147_CreateTaskWithoutMandatory"/>
</testsuite> <!-- testcases.SFO147_CreateTaskWithoutMandatory -->
